3866
  -- Solve :
          min -0.0292272  max 0.0292435
  -- Solve :
          min -0.0462824  max 0.0460529
1.21037e-009
L2 error in velocity = 0.562587
3867
  -- Solve :
          min -0.0292272  max 0.0292435
  -- Solve :
          min -0.0462824  max 0.0460529
1.20471e-009
L2 error in velocity = 0.562587
3868
  -- Solve :
          min -0.0292272  max 0.0292435
  -- Solve :
          min -0.0462824  max 0.0460529
1.19907e-009
L2 error in velocity = 0.562587
3869
  -- Solve :
          min -0.0292272  max 0.0292435
  -- Solve :
          min -0.0462824  max 0.0460529
1.19347e-009
L2 error in velocity = 0.562587
3870
  -- Solve :
          min -0.0292272  max 0.0292435
  -- Solve :
          min -0.0462824  max 0.0460529
1.18789e-009
L2 error in velocity = 0.562587
3871
  -- Solve :
          min -0.0292272  max 0.0292435
  -- Solve :
          min -0.0462824  max 0.0460529
1.18233e-009
L2 error in velocity = 0.562587
3872
  -- Solve :
          min -0.0292272  max 0.0292435
  -- Solve :
          min -0.0462824  max 0.0460529
1.1768e-009
L2 error in velocity = 0.562587
3873
  -- Solve :
          min -0.0292272  max 0.0292435
  -- Solve :
          min -0.0462824  max 0.0460529
1.1713e-009
L2 error in velocity = 0.562587
3874
  -- Solve :
          min -0.0292272  max 0.0292435
  -- Solve :
          min -0.0462824  max 0.0460529
1.16582e-009
L2 error in velocity = 0.562587
3875
  -- Solve :
          min -0.0292272  max 0.0292435
  -- Solve :
          min -0.0462824  max 0.0460529
1.16037e-009
L2 error in velocity = 0.562587
3876
  -- Solve :
          min -0.0292272  max 0.0292435
  -- Solve :
          min -0.0462824  max 0.0460529
1.15494e-009
L2 error in velocity = 0.562587
3877
  -- Solve :
          min -0.0292272  max 0.0292435
  -- Solve :
          min -0.0462824  max 0.0460529
1.14954e-009
L2 error in velocity = 0.562587
3878
  -- Solve :
          min -0.0292272  max 0.0292435
  -- Solve :
          min -0.0462824  max 0.0460529
1.14416e-009
L2 error in velocity = 0.562587
3879
  -- Solve :
          min -0.0292272  max 0.0292435
  -- Solve :
          min -0.0462824  max 0.0460529
1.13881e-009
L2 error in velocity = 0.562587
3880
  -- Solve :
          min -0.0292272  max 0.0292435
  -- Solve :
          min -0.0462824  max 0.0460529
1.13349e-009
L2 error in velocity = 0.562587
3881
  -- Solve :
          min -0.0292272  max 0.0292435
  -- Solve :
          min -0.0462824  max 0.0460529
1.12819e-009
L2 error in velocity = 0.562587
3882
  -- Solve :
          min -0.0292272  max 0.0292435
  -- Solve :
          min -0.0462824  max 0.0460529
1.12291e-009
L2 error in velocity = 0.562587
3883
  -- Solve :
          min -0.0292272  max 0.0292435
  -- Solve :
          min -0.0462824  max 0.0460529
1.11766e-009
L2 error in velocity = 0.562587
3884
  -- Solve :
          min -0.0292272  max 0.0292435
  -- Solve :
          min -0.0462824  max 0.0460529
1.11243e-009
L2 error in velocity = 0.562587
3885
  -- Solve :
          min -0.0292272  max 0.0292435
  -- Solve :
          min -0.0462824  max 0.0460529
1.10723e-009
L2 error in velocity = 0.562587
3886
  -- Solve :
          min -0.0292272  max 0.0292435
  -- Solve :
          min -0.0462824  max 0.0460529
1.10205e-009
L2 error in velocity = 0.562587
3887
  -- Solve :
          min -0.0292272  max 0.0292435
  -- Solve :
          min -0.0462824  max 0.0460529
1.0969e-009
L2 error in velocity = 0.562587
3888
  -- Solve :
          min -0.0292272  max 0.0292435
  -- Solve :
          min -0.0462824  max 0.0460529
1.09177e-009
L2 error in velocity = 0.562587
3889
  -- Solve :
          min -0.0292272  max 0.0292435
  -- Solve :
          min -0.0462824  max 0.0460529
1.08666e-009
L2 error in velocity = 0.562587
3890
  -- Solve :
          min -0.0292272  max 0.0292435
  -- Solve :
          min -0.0462824  max 0.0460529
1.08158e-009
L2 error in velocity = 0.562587
3891
  -- Solve :
          min -0.0292272  max 0.0292435
  -- Solve :
          min -0.0462824  max 0.0460529
1.07652e-009
L2 error in velocity = 0.562587
3892
  -- Solve :
          min -0.0292272  max 0.0292435
  -- Solve :
          min -0.0462824  max 0.0460529
1.07149e-009
L2 error in velocity = 0.562587
3893
  -- Solve :
          min -0.0292272  max 0.0292435
  -- Solve :
          min -0.0462824  max 0.0460529
1.06648e-009
L2 error in velocity = 0.562587
3894
  -- Solve :
          min -0.0292272  max 0.0292435
  -- Solve :
          min -0.0462824  max 0.0460529
1.06149e-009
L2 error in velocity = 0.562587
3895
  -- Solve :
          min -0.0292272  max 0.0292435
  -- Solve :
          min -0.0462824  max 0.0460529
1.05653e-009
L2 error in velocity = 0.562587
3896
  -- Solve :
          min -0.0292272  max 0.0292435
  -- Solve :
          min -0.0462824  max 0.0460529
1.05159e-009
L2 error in velocity = 0.562587
3897
  -- Solve :
          min -0.0292272  max 0.0292435
  -- Solve :
          min -0.0462824  max 0.0460529
1.04667e-009
L2 error in velocity = 0.562587
3898
  -- Solve :
          min -0.0292272  max 0.0292435
  -- Solve :
          min -0.0462824  max 0.0460529
1.04177e-009
L2 error in velocity = 0.562587
3899
  -- Solve :
          min -0.0292272  max 0.0292435
  -- Solve :
          min -0.0462824  max 0.0460529
1.0369e-009
L2 error in velocity = 0.562587
3900
  -- Solve :
          min -0.0292272  max 0.0292435
  -- Solve :
          min -0.0462824  max 0.0460529
1.03205e-009
L2 error in velocity = 0.562587
3901
  -- Solve :
          min -0.0292272  max 0.0292435
  -- Solve :
          min -0.0462824  max 0.0460529
1.02723e-009
L2 error in velocity = 0.562587
3902
  -- Solve :
          min -0.0292272  max 0.0292435
  -- Solve :
          min -0.0462824  max 0.0460529
1.02242e-009
L2 error in velocity = 0.562587
3903
  -- Solve :
          min -0.0292272  max 0.0292435
  -- Solve :
          min -0.0462824  max 0.0460529
1.01764e-009
L2 error in velocity = 0.562587
3904
  -- Solve :
          min -0.0292272  max 0.0292435
  -- Solve :
          min -0.0462824  max 0.0460529
1.01288e-009
L2 error in velocity = 0.562587
3905
  -- Solve :
          min -0.0292272  max 0.0292435
  -- Solve :
          min -0.0462824  max 0.0460529
1.00814e-009
L2 error in velocity = 0.562587
3906
  -- Solve :
          min -0.0292272  max 0.0292435
  -- Solve :
          min -0.0462824  max 0.0460529
1.00343e-009
L2 error in velocity = 0.562587
3907
  -- Solve :
          min -0.0292272  max 0.0292435
  -- Solve :
          min -0.0462824  max 0.0460529
9.98737e-010
L2 error in velocity = 0.562587
L2 error in velocity = 0.562587
times: compile 0.125s, execution 1535.86s,  mpirank:0
 CodeAlloc : nb ptr  2840,  size :165384 mpirank: 0
Bien: On a fini Normalement
 try getConsole C:\Users\admin\Desktop\programs\potvor.edp
